
 File RERUNS2.RER contains    4 set(s) of  6 variable(s):
 type sc/ar variable name
 ---- ----- -------------
  C     s   FILEIT                         
  C     s   FILEI1                         
  F     s   DVRJ                           
  F     s   DVRI                           
  F     s   DVRP                           
  F     s   DVRR                           

 = Data file contents (set 0) selected =
 Message from RDSETS: A logfile report is written
 about the use of the 4 parameter sets on reruns2.rer

 = Set    1 of rerun file RERUNS2.RER selected =
 Contents of  PARAM.IN recovered from TMP file
   Variable values have been overwritten by rerun set    1:
   FILEIT -----> 'EXP\VVME_F'   
   FILEI1 -----> 'standard.c'   
 Data file   EXP\VVME_FED67_EPOCAS19_EPOCA1.EXP with  70 variables parsed by RDINDX
 Contents of EXP\VVME_FED67_EPOCAS19_EPOCA1.EXP recovered from TMP file
 Contents of EXP\VVME_FED67_EPOCAS19_EPOCA1.EXP recovered from TMP file
 Data file   STANDARD.CRP with  96 variables parsed by RDINDX
   Variable values have been overwritten by rerun set    1:
   DVRI -----> 7.5760E-04   
   DVRJ -----> 8.9430E-04   
   DVRP -----> 4.9720E-04   
   DVRR -----> 2.1522E-03   
 Contents of EXP\VVME_FED67_EPOCAS19_EPOCA1.EXP recovered from TMP file

 = Set    2 of rerun file RERUNS2.RER selected =
 Contents of  PARAM.IN recovered from TMP file
   Variable values have been overwritten by rerun set    2:
   FILEIT -----> 'EXP\VVME_F'   
   FILEI1 -----> 'standard.c'   
 Data file   EXP\VVME_FED67_EPOCAS17_EPOCA3.EXP with  70 variables parsed by RDINDX
 Contents of EXP\VVME_FED67_EPOCAS17_EPOCA3.EXP recovered from TMP file
 Contents of EXP\VVME_FED67_EPOCAS17_EPOCA3.EXP recovered from TMP file
 Contents of STANDARD.CRP recovered from TMP file
   Variable values have been overwritten by rerun set    2:
   DVRI -----> 7.5760E-04   
   DVRJ -----> 9.8380E-04   
   DVRP -----> 4.7790E-04   
   DVRR -----> 2.9546E-03   
 Contents of EXP\VVME_FED67_EPOCAS17_EPOCA3.EXP recovered from TMP file

 = Set    3 of rerun file RERUNS2.RER selected =
 Contents of  PARAM.IN recovered from TMP file
   Variable values have been overwritten by rerun set    3:
   FILEIT -----> 'EXP\VVME_F'   
   FILEI1 -----> 'standard.c'   
 Data file   EXP\VVME_FED67_EPOCAS19_EPOCA5.EXP with  70 variables parsed by RDINDX
 Contents of EXP\VVME_FED67_EPOCAS19_EPOCA5.EXP recovered from TMP file
 Contents of EXP\VVME_FED67_EPOCAS19_EPOCA5.EXP recovered from TMP file
 Contents of STANDARD.CRP recovered from TMP file
   Variable values have been overwritten by rerun set    3:
   DVRI -----> 7.5760E-04   
   DVRJ -----> 8.3000E-04   
   DVRP -----> 5.6160E-04   
   DVRR -----> 2.2437E-03   
 Contents of EXP\VVME_FED67_EPOCAS19_EPOCA5.EXP recovered from TMP file

 = Set    4 of rerun file RERUNS2.RER selected =
 Contents of  PARAM.IN recovered from TMP file
   Variable values have been overwritten by rerun set    4:
   FILEIT -----> 'EXP\VVME_F'   
   FILEI1 -----> 'standard.c'   
 Data file   EXP\VVME_FED67_EPOCAS19_EPOCA3.EXP with  70 variables parsed by RDINDX
 Contents of EXP\VVME_FED67_EPOCAS19_EPOCA3.EXP recovered from TMP file
 Contents of EXP\VVME_FED67_EPOCAS19_EPOCA3.EXP recovered from TMP file
 Contents of STANDARD.CRP recovered from TMP file
   Variable values have been overwritten by rerun set    4:
   DVRI -----> 7.5760E-04   
   DVRJ -----> 9.6350E-04   
   DVRP -----> 3.7990E-04   
   DVRR -----> 4.2146E-03   
 Contents of EXP\VVME_FED67_EPOCAS19_EPOCA3.EXP recovered from TMP file
 Temporary file RD$00001.TMP deleted by RDDTMP
 Temporary file RD$00002.TMP deleted by RDDTMP
 Temporary file RD$00003.TMP deleted by RDDTMP
 Temporary file RD$00004.TMP deleted by RDDTMP
 Temporary file RD$00005.TMP deleted by RDDTMP
 Temporary file RD$00006.TMP deleted by RDDTMP
 Temporary file RERUNS2.TMP deleted by RDDTMP
