** Rerun Set    1
*     CALCULATED ORYZA1 MODEL PARAMETERS
*     Rice crop is direct-seeded
*============================================================================
*
* Crop data file standard.crp                                      
* Experiment data file EXP\VVME_FED67_EPOCAS19_EPOCA1.exp                
*
** WARNING: LAI and NFLV observations do not match in time
**          => FNLV and ANLV can not be calculated

*******************************************
* Observed biomass values                  
       DVS      WLVG      WLVD       WST       WSO
     0.292       45.        0.       37.        0.
     0.530      666.        4.      588.        0.
     0.678     1328.        0.     1362.        0.
     0.810     2431.      115.     3022.        0.
     0.932     2866.      162.     4690.      167.
     1.217     2240.      144.     5406.      739.
     1.669     1534.      212.     4709.     1629.

* Observed LAI values                      
       DVS       LAI
     0.292      0.10
     0.530      1.30
     0.678      2.90
     0.810      4.90
     0.932      5.30
     1.217      2.20
     1.669      1.90

*******************************************
 Calculated ORYZA1 model parameters        
*******************************************
* Temperature sum and leaf area development (TLSVC is corrected for transplanting shock)
* Only for LAI values below 1.5 and DVS below 1
      TSLV     TSLVC     LNLAI       LAI       DVS
      327.      327.    -2.303      0.10     0.292
      618.      618.     0.262      1.30     0.530

* LAI interval and calculated RGRL         
* Only for LAI values below 1.5 and DVS below 1
       LAI    LAIT+1      RGRL
      0.10      1.30     0.009

* Calculated partitioning factors          
      DVSM       FLV       FST       FSO
     0.411     0.532     0.468     0.000
     0.604     0.459     0.541     0.000
     0.744     0.423     0.577     0.000
     0.871     0.209     0.720     0.072
     1.074    -1.002     1.112     0.890
     1.443     1.434     1.564    -1.998

* Calculated relative death rate leaves    
* Only when leaf biomass declines          
      DVSM      DRLV
     1.074     0.018
     1.443     0.032

* Calculated specific leaf area            
       DVS       SLA
     0.292    0.0022
     0.530    0.0020
     0.678    0.0022
     0.810    0.0020
     0.932    0.0018
     1.217    0.0010
     1.669    0.0012

* Calculated fraction stem reserves        
      FSTR    WSTMAX    DVSMAX    WSTEND    DVSEND
     0.129     5406.     1.217     4709.     1.669

*******************************************
 Calculated extra variables/parameters     
*******************************************
*----------------------------------------------------------------------------
* OUTPUT FROM RERUN SET:    1
* OUTPUT TABLE FORMAT  : SPREADSHEET OUTPUT
* Simulation results
 
TIME	YEAR	DOY	DVS
 
   85.0000    	  2019.0    	  85.000    	       -    
   86.0000    	  2019.0    	  86.000    	       -    
   87.0000    	  2019.0    	  87.000    	       -    
   88.0000    	  2019.0    	  88.000    	  0.0000    
   89.0000    	  2019.0    	  89.000    	 1.65965E-02
   90.0000    	  2019.0    	  90.000    	 3.20679E-02
   91.0000    	  2019.0    	  91.000    	 4.87019E-02
   92.0000    	  2019.0    	  92.000    	 6.44173E-02
   93.0000    	  2019.0    	  93.000    	 8.08465E-02
   94.0000    	  2019.0    	  94.000    	 9.77897E-02
   95.0000    	  2019.0    	  95.000    	 0.11436    
   96.0000    	  2019.0    	  96.000    	 0.13179    
   97.0000    	  2019.0    	  97.000    	 0.14733    
   98.0000    	  2019.0    	  98.000    	 0.16332    
   99.0000    	  2019.0    	  99.000    	 0.17981    
   100.000    	  2019.0    	  100.00    	 0.19625    
   101.000    	  2019.0    	  101.00    	 0.21238    
   102.000    	  2019.0    	  102.00    	 0.22859    
   103.000    	  2019.0    	  103.00    	 0.24521    
   104.000    	  2019.0    	  104.00    	 0.26161    
   105.000    	  2019.0    	  105.00    	 0.27703    
   106.000    	  2019.0    	  106.00    	 0.29205    
   107.000    	  2019.0    	  107.00    	 0.30864    
   108.000    	  2019.0    	  108.00    	 0.32527    
   109.000    	  2019.0    	  109.00    	 0.34065    
   110.000    	  2019.0    	  110.00    	 0.35651    
   111.000    	  2019.0    	  111.00    	 0.37301    
   112.000    	  2019.0    	  112.00    	 0.38915    
   113.000    	  2019.0    	  113.00    	 0.40570    
   114.000    	  2019.0    	  114.00    	 0.41961    
   115.000    	  2019.0    	  115.00    	 0.43340    
   116.000    	  2019.0    	  116.00    	 0.44734    
   117.000    	  2019.0    	  117.00    	 0.46148    
   118.000    	  2019.0    	  118.00    	 0.47547    
   119.000    	  2019.0    	  119.00    	 0.48917    
   120.000    	  2019.0    	  120.00    	 0.50326    
   121.000    	  2019.0    	  121.00    	 0.51661    
   122.000    	  2019.0    	  122.00    	 0.52989    
   123.000    	  2019.0    	  123.00    	 0.54390    
   124.000    	  2019.0    	  124.00    	 0.55847    
   125.000    	  2019.0    	  125.00    	 0.57217    
   126.000    	  2019.0    	  126.00    	 0.58474    
   127.000    	  2019.0    	  127.00    	 0.59747    
   128.000    	  2019.0    	  128.00    	 0.61139    
   129.000    	  2019.0    	  129.00    	 0.62503    
   130.000    	  2019.0    	  130.00    	 0.63746    
   131.000    	  2019.0    	  131.00    	 0.65088    
   132.000    	  2019.0    	  132.00    	 0.65989    
   133.000    	  2019.0    	  133.00    	 0.66914    
   134.000    	  2019.0    	  134.00    	 0.67817    
   135.000    	  2019.0    	  135.00    	 0.68682    
   136.000    	  2019.0    	  136.00    	 0.69557    
   137.000    	  2019.0    	  137.00    	 0.70463    
   138.000    	  2019.0    	  138.00    	 0.71348    
   139.000    	  2019.0    	  139.00    	 0.72248    
   140.000    	  2019.0    	  140.00    	 0.73143    
   141.000    	  2019.0    	  141.00    	 0.74025    
   142.000    	  2019.0    	  142.00    	 0.74880    
   143.000    	  2019.0    	  143.00    	 0.75774    
   144.000    	  2019.0    	  144.00    	 0.76604    
   145.000    	  2019.0    	  145.00    	 0.77484    
   146.000    	  2019.0    	  146.00    	 0.78409    
   147.000    	  2019.0    	  147.00    	 0.79297    
   148.000    	  2019.0    	  148.00    	 0.80122    
   149.000    	  2019.0    	  149.00    	 0.81011    
   150.000    	  2019.0    	  150.00    	 0.81920    
   151.000    	  2019.0    	  151.00    	 0.82821    
   152.000    	  2019.0    	  152.00    	 0.83721    
   153.000    	  2019.0    	  153.00    	 0.84582    
   154.000    	  2019.0    	  154.00    	 0.85463    
   155.000    	  2019.0    	  155.00    	 0.86338    
   156.000    	  2019.0    	  156.00    	 0.87228    
   157.000    	  2019.0    	  157.00    	 0.88083    
   158.000    	  2019.0    	  158.00    	 0.88873    
   159.000    	  2019.0    	  159.00    	 0.89727    
   160.000    	  2019.0    	  160.00    	 0.90625    
   161.000    	  2019.0    	  161.00    	 0.91525    
   162.000    	  2019.0    	  162.00    	 0.92305    
   163.000    	  2019.0    	  163.00    	 0.93180    
   164.000    	  2019.0    	  164.00    	 0.94006    
   165.000    	  2019.0    	  165.00    	 0.94866    
   166.000    	  2019.0    	  166.00    	 0.95746    
   167.000    	  2019.0    	  167.00    	 0.96615    
   168.000    	  2019.0    	  168.00    	 0.97508    
   169.000    	  2019.0    	  169.00    	 0.98319    
   170.000    	  2019.0    	  170.00    	 0.99179    
   171.000    	  2019.0    	  171.00    	  1.0009    
   172.000    	  2019.0    	  172.00    	  1.0401    
   173.000    	  2019.0    	  173.00    	  1.0779    
   174.000    	  2019.0    	  174.00    	  1.1131    
   175.000    	  2019.0    	  175.00    	  1.1491    
   176.000    	  2019.0    	  176.00    	  1.1824    
   177.000    	  2019.0    	  177.00    	  1.2171    
   178.000    	  2019.0    	  178.00    	  1.2565    
   179.000    	  2019.0    	  179.00    	  1.2944    
   180.000    	  2019.0    	  180.00    	  1.3347    
   181.000    	  2019.0    	  181.00    	  1.3733    
   182.000    	  2019.0    	  182.00    	  1.4105    
   183.000    	  2019.0    	  183.00    	  1.4472    
   184.000    	  2019.0    	  184.00    	  1.4793    
   185.000    	  2019.0    	  185.00    	  1.5174    
   186.000    	  2019.0    	  186.00    	  1.5560    
   187.000    	  2019.0    	  187.00    	  1.5943    
   188.000    	  2019.0    	  188.00    	  1.6310    
   189.000    	  2019.0    	  189.00    	  1.6687    
   190.000    	  2019.0    	  190.00    	  1.7052    
   191.000    	  2019.0    	  191.00    	  1.7411    
   192.000    	  2019.0    	  192.00    	  1.7772    
   193.000    	  2019.0    	  193.00    	  1.8151    
   194.000    	  2019.0    	  194.00    	  1.8526    
   195.000    	  2019.0    	  195.00    	  1.8898    
   196.000    	  2019.0    	  196.00    	  1.9278    
   197.000    	  2019.0    	  197.00    	  1.9660    
   198.000    	  2019.0    	  198.00    	  2.0009    
   199.000    	  2019.0    	  199.00    	  2.0379    
   200.000    	  2019.0    	  200.00    	  2.0770    
   201.000    	  2019.0    	  201.00    	  2.1156    




** Rerun Set    2
*     CALCULATED ORYZA1 MODEL PARAMETERS
*     Rice crop is direct-seeded
*============================================================================
*
* Crop data file standard.crp                                      
* Experiment data file EXP\VVME_FED67_EPOCAS17_EPOCA3.exp                
*
** WARNING: LAI and NFLV observations do not match in time
**          => FNLV and ANLV can not be calculated

*******************************************
* Observed biomass values                  
       DVS      WLVG      WLVD       WST       WSO
     0.338      495.      402.      592.        0.
     0.544     1358.      712.     2270.        0.
     0.701     2028.      590.     3192.        0.
     0.792     2571.      396.     3985.        0.
     0.850     2247.      662.     1458.        0.
     0.916     3346.     1240.     5151.        0.
     1.161     3638.     1528.     5753.     4453.
     1.894     3498.     1256.     3775.     6505.

* Observed LAI values                      
       DVS       LAI
     0.338      2.10
     0.544      1.50
     0.701      2.90
     0.792      4.70
     0.850      4.40
     0.916      5.70
     1.161      5.10
     1.894      5.10

*******************************************
 Calculated ORYZA1 model parameters        
*******************************************
* Temperature sum and leaf area development (TLSVC is corrected for transplanting shock)
* Only for LAI values below 1.5 and DVS below 1
      TSLV     TSLVC     LNLAI       LAI       DVS
      594.      594.     0.405      1.50     0.544

* LAI interval and calculated RGRL         
* Only for LAI values below 1.5 and DVS below 1
       LAI    LAIT+1      RGRL
      2.10      1.50    -0.001

* Calculated partitioning factors          
      DVSM       FLV       FST       FSO
     0.441     0.412     0.588     0.000
     0.623     0.373     0.627     0.000
     0.747     0.305     0.695     0.000
     0.821     0.022     0.978     0.000
     0.883     0.312     0.688     0.000
     1.038     0.103     0.107     0.790
     1.527     1.222     5.872    -6.094

* Calculated relative death rate leaves    
* Only when leaf biomass declines          
      DVSM      DRLV
     0.821     0.019
     1.527     0.003

* Calculated specific leaf area            
       DVS       SLA
     0.338    0.0042
     0.544    0.0011
     0.701    0.0014
     0.792    0.0018
     0.850    0.0020
     0.916    0.0017
     1.161    0.0014
     1.894    0.0015

* Calculated fraction stem reserves        
      FSTR    WSTMAX    DVSMAX    WSTEND    DVSEND
     0.344     5753.     1.161     3775.     1.894

*******************************************
 Calculated extra variables/parameters     
*******************************************
*----------------------------------------------------------------------------
* OUTPUT FROM RERUN SET:    2
* OUTPUT TABLE FORMAT  : SPREADSHEET OUTPUT
* Simulation results
 
TIME	YEAR	DOY	DVS
 
   137.000    	  2017.0    	  137.00    	       -    
   138.000    	  2017.0    	  138.00    	       -    
   139.000    	  2017.0    	  139.00    	       -    
   140.000    	  2017.0    	  140.00    	  0.0000    
   141.000    	  2017.0    	  141.00    	 1.87569E-02
   142.000    	  2017.0    	  142.00    	 3.69321E-02
   143.000    	  2017.0    	  143.00    	 5.39519E-02
   144.000    	  2017.0    	  144.00    	 7.13553E-02
   145.000    	  2017.0    	  145.00    	 8.96128E-02
   146.000    	  2017.0    	  146.00    	 0.10686    
   147.000    	  2017.0    	  147.00    	 0.12484    
   148.000    	  2017.0    	  148.00    	 0.14240    
   149.000    	  2017.0    	  149.00    	 0.16067    
   150.000    	  2017.0    	  150.00    	 0.17832    
   151.000    	  2017.0    	  151.00    	 0.19605    
   152.000    	  2017.0    	  152.00    	 0.21405    
   153.000    	  2017.0    	  153.00    	 0.23196    
   154.000    	  2017.0    	  154.00    	 0.25005    
   155.000    	  2017.0    	  155.00    	 0.26715    
   156.000    	  2017.0    	  156.00    	 0.28468    
   157.000    	  2017.0    	  157.00    	 0.30246    
   158.000    	  2017.0    	  158.00    	 0.32076    
   159.000    	  2017.0    	  159.00    	 0.33788    
   160.000    	  2017.0    	  160.00    	 0.35505    
   161.000    	  2017.0    	  161.00    	 0.37290    
   162.000    	  2017.0    	  162.00    	 0.39060    
   163.000    	  2017.0    	  163.00    	 0.40830    
   164.000    	  2017.0    	  164.00    	 0.42194    
   165.000    	  2017.0    	  165.00    	 0.43444    
   166.000    	  2017.0    	  166.00    	 0.44822    
   167.000    	  2017.0    	  167.00    	 0.46179    
   168.000    	  2017.0    	  168.00    	 0.47542    
   169.000    	  2017.0    	  169.00    	 0.48886    
   170.000    	  2017.0    	  170.00    	 0.50264    
   171.000    	  2017.0    	  171.00    	 0.51670    
   172.000    	  2017.0    	  172.00    	 0.53058    
   173.000    	  2017.0    	  173.00    	 0.54391    
   174.000    	  2017.0    	  174.00    	 0.55748    
   175.000    	  2017.0    	  175.00    	 0.57113    
   176.000    	  2017.0    	  176.00    	 0.58401    
   177.000    	  2017.0    	  177.00    	 0.59783    
   178.000    	  2017.0    	  178.00    	 0.61113    
   179.000    	  2017.0    	  179.00    	 0.62481    
   180.000    	  2017.0    	  180.00    	 0.63842    
   181.000    	  2017.0    	  181.00    	 0.65191    
   182.000    	  2017.0    	  182.00    	 0.66049    
   183.000    	  2017.0    	  183.00    	 0.66906    
   184.000    	  2017.0    	  184.00    	 0.67700    
   185.000    	  2017.0    	  185.00    	 0.68494    
   186.000    	  2017.0    	  186.00    	 0.69283    
   187.000    	  2017.0    	  187.00    	 0.70119    
   188.000    	  2017.0    	  188.00    	 0.70993    
   189.000    	  2017.0    	  189.00    	 0.71845    
   190.000    	  2017.0    	  190.00    	 0.72711    
   191.000    	  2017.0    	  191.00    	 0.73561    
   192.000    	  2017.0    	  192.00    	 0.74379    
   193.000    	  2017.0    	  193.00    	 0.75115    
   194.000    	  2017.0    	  194.00    	 0.75843    
   195.000    	  2017.0    	  195.00    	 0.76691    
   196.000    	  2017.0    	  196.00    	 0.77574    
   197.000    	  2017.0    	  197.00    	 0.78409    
   198.000    	  2017.0    	  198.00    	 0.79205    
   199.000    	  2017.0    	  199.00    	 0.80098    
   200.000    	  2017.0    	  200.00    	 0.80873    
   201.000    	  2017.0    	  201.00    	 0.81675    
   202.000    	  2017.0    	  202.00    	 0.82476    
   203.000    	  2017.0    	  203.00    	 0.83293    
   204.000    	  2017.0    	  204.00    	 0.84159    
   205.000    	  2017.0    	  205.00    	 0.85024    
   206.000    	  2017.0    	  206.00    	 0.85842    
   207.000    	  2017.0    	  207.00    	 0.86645    
   208.000    	  2017.0    	  208.00    	 0.87410    
   209.000    	  2017.0    	  209.00    	 0.88256    
   210.000    	  2017.0    	  210.00    	 0.89111    
   211.000    	  2017.0    	  211.00    	 0.89919    
   212.000    	  2017.0    	  212.00    	 0.90757    
   213.000    	  2017.0    	  213.00    	 0.91598    
   214.000    	  2017.0    	  214.00    	 0.92467    
   215.000    	  2017.0    	  215.00    	 0.93332    
   216.000    	  2017.0    	  216.00    	 0.94218    
   217.000    	  2017.0    	  217.00    	 0.95073    
   218.000    	  2017.0    	  218.00    	 0.95928    
   219.000    	  2017.0    	  219.00    	 0.96747    
   220.000    	  2017.0    	  220.00    	 0.97629    
   221.000    	  2017.0    	  221.00    	 0.98486    
   222.000    	  2017.0    	  222.00    	 0.99345    
   223.000    	  2017.0    	  223.00    	  1.0019    
   224.000    	  2017.0    	  224.00    	  1.0548    
   225.000    	  2017.0    	  225.00    	  1.1079    
   226.000    	  2017.0    	  226.00    	  1.1608    
   227.000    	  2017.0    	  227.00    	  1.2118    
   228.000    	  2017.0    	  228.00    	  1.2684    
   229.000    	  2017.0    	  229.00    	  1.3205    
   230.000    	  2017.0    	  230.00    	  1.3726    
   231.000    	  2017.0    	  231.00    	  1.4252    
   232.000    	  2017.0    	  232.00    	  1.4759    
   233.000    	  2017.0    	  233.00    	  1.5271    
   234.000    	  2017.0    	  234.00    	  1.5783    
   235.000    	  2017.0    	  235.00    	  1.6326    
   236.000    	  2017.0    	  236.00    	  1.6845    
   237.000    	  2017.0    	  237.00    	  1.7353    
   238.000    	  2017.0    	  238.00    	  1.7885    
   239.000    	  2017.0    	  239.00    	  1.8418    
   240.000    	  2017.0    	  240.00    	  1.8939    
   241.000    	  2017.0    	  241.00    	  1.9475    
   242.000    	  2017.0    	  242.00    	  2.0019    
   243.000    	  2017.0    	  243.00    	  2.0539    
   244.000    	  2017.0    	  244.00    	  2.1069    




** Rerun Set    3
*     CALCULATED ORYZA1 MODEL PARAMETERS
*     Rice crop is direct-seeded
*============================================================================
*
* Crop data file standard.crp                                      
* Experiment data file EXP\VVME_FED67_EPOCAS19_EPOCA5.exp                
*
** WARNING: LAI and NFLV observations do not match in time
**          => FNLV and ANLV can not be calculated

*******************************************
* Observed biomass values                  
       DVS      WLVG      WLVD       WST       WSO
     0.274      171.        4.      161.        0.
     0.558     1131.       12.     1484.        0.
     0.650     2140.       51.     3399.        0.
     0.790     3499.      617.     9353.      176.
     0.923     3870.      213.     9226.     4280.
     1.156     3230.      306.     6310.     5075.

* Observed LAI values                      
       DVS       LAI
     0.274      0.30
     0.558      1.80
     0.650      3.20
     0.790      4.50
     0.923      5.90
     1.156      5.10

*******************************************
 Calculated ORYZA1 model parameters        
*******************************************
* Temperature sum and leaf area development (TLSVC is corrected for transplanting shock)
* Only for LAI values below 1.5 and DVS below 1
      TSLV     TSLVC     LNLAI       LAI       DVS
      330.      330.    -1.204      0.30     0.274

* LAI interval and calculated RGRL         
* Only for LAI values below 1.5 and DVS below 1
       LAI    LAIT+1      RGRL

* Calculated partitioning factors          
      DVSM       FLV       FST       FSO
     0.416     0.422     0.578     0.000
     0.604     0.354     0.646     0.000
     0.720     0.239     0.739     0.022
     0.857    -0.008    -0.032     1.040
     1.040     0.205     1.093    -0.298

* Calculated relative death rate leaves    
* Only when leaf biomass declines          
      DVSM      DRLV
     1.040     0.015

* Calculated specific leaf area            
       DVS       SLA
     0.274    0.0018
     0.558    0.0016
     0.650    0.0015
     0.790    0.0013
     0.923    0.0015
     1.156    0.0016

* Calculated fraction stem reserves        
      FSTR    WSTMAX    DVSMAX    WSTEND    DVSEND
     0.325     9353.     0.790     6310.     1.156

*******************************************
 Calculated extra variables/parameters     
*******************************************
*----------------------------------------------------------------------------
* OUTPUT FROM RERUN SET:    3
* OUTPUT TABLE FORMAT  : SPREADSHEET OUTPUT
* Simulation results
 
TIME	YEAR	DOY	DVS
 
   150.000    	  2019.0    	  150.00    	       -    
   151.000    	  2019.0    	  151.00    	       -    
   152.000    	  2019.0    	  152.00    	       -    
   153.000    	  2019.0    	  153.00    	  0.0000    
   154.000    	  2019.0    	  154.00    	 1.47120E-02
   155.000    	  2019.0    	  155.00    	 2.93200E-02
   156.000    	  2019.0    	  156.00    	 4.41738E-02
   157.000    	  2019.0    	  157.00    	 5.84493E-02
   158.000    	  2019.0    	  158.00    	 7.16463E-02
   159.000    	  2019.0    	  159.00    	 8.58969E-02
   160.000    	  2019.0    	  160.00    	 0.10089    
   161.000    	  2019.0    	  161.00    	 0.11590    
   162.000    	  2019.0    	  162.00    	 0.12894    
   163.000    	  2019.0    	  163.00    	 0.14354    
   164.000    	  2019.0    	  164.00    	 0.15732    
   165.000    	  2019.0    	  165.00    	 0.17168    
   166.000    	  2019.0    	  166.00    	 0.18637    
   167.000    	  2019.0    	  167.00    	 0.20087    
   168.000    	  2019.0    	  168.00    	 0.21579    
   169.000    	  2019.0    	  169.00    	 0.22932    
   170.000    	  2019.0    	  170.00    	 0.24368    
   171.000    	  2019.0    	  171.00    	 0.25887    
   172.000    	  2019.0    	  172.00    	 0.27398    
   173.000    	  2019.0    	  173.00    	 0.28859    
   174.000    	  2019.0    	  174.00    	 0.30216    
   175.000    	  2019.0    	  175.00    	 0.31602    
   176.000    	  2019.0    	  176.00    	 0.32888    
   177.000    	  2019.0    	  177.00    	 0.34224    
   178.000    	  2019.0    	  178.00    	 0.35745    
   179.000    	  2019.0    	  179.00    	 0.37208    
   180.000    	  2019.0    	  180.00    	 0.38760    
   181.000    	  2019.0    	  181.00    	 0.40249    
   182.000    	  2019.0    	  182.00    	 0.41557    
   183.000    	  2019.0    	  183.00    	 0.42852    
   184.000    	  2019.0    	  184.00    	 0.43981    
   185.000    	  2019.0    	  185.00    	 0.45322    
   186.000    	  2019.0    	  186.00    	 0.46679    
   187.000    	  2019.0    	  187.00    	 0.48027    
   188.000    	  2019.0    	  188.00    	 0.49320    
   189.000    	  2019.0    	  189.00    	 0.50649    
   190.000    	  2019.0    	  190.00    	 0.51933    
   191.000    	  2019.0    	  191.00    	 0.53195    
   192.000    	  2019.0    	  192.00    	 0.54467    
   193.000    	  2019.0    	  193.00    	 0.55801    
   194.000    	  2019.0    	  194.00    	 0.57121    
   195.000    	  2019.0    	  195.00    	 0.58431    
   196.000    	  2019.0    	  196.00    	 0.59767    
   197.000    	  2019.0    	  197.00    	 0.61113    
   198.000    	  2019.0    	  198.00    	 0.62340    
   199.000    	  2019.0    	  199.00    	 0.63643    
   200.000    	  2019.0    	  200.00    	 0.65022    
   201.000    	  2019.0    	  201.00    	 0.66027    
   202.000    	  2019.0    	  202.00    	 0.67031    
   203.000    	  2019.0    	  203.00    	 0.68031    
   204.000    	  2019.0    	  204.00    	 0.69047    
   205.000    	  2019.0    	  205.00    	 0.69946    
   206.000    	  2019.0    	  206.00    	 0.70928    
   207.000    	  2019.0    	  207.00    	 0.71961    
   208.000    	  2019.0    	  208.00    	 0.72947    
   209.000    	  2019.0    	  209.00    	 0.73907    
   210.000    	  2019.0    	  210.00    	 0.74921    
   211.000    	  2019.0    	  211.00    	 0.75922    
   212.000    	  2019.0    	  212.00    	 0.76942    
   213.000    	  2019.0    	  213.00    	 0.77976    
   214.000    	  2019.0    	  214.00    	 0.79002    
   215.000    	  2019.0    	  215.00    	 0.80012    
   216.000    	  2019.0    	  216.00    	 0.80977    
   217.000    	  2019.0    	  217.00    	 0.81876    
   218.000    	  2019.0    	  218.00    	 0.82730    
   219.000    	  2019.0    	  219.00    	 0.83645    
   220.000    	  2019.0    	  220.00    	 0.84650    
   221.000    	  2019.0    	  221.00    	 0.85660    
   222.000    	  2019.0    	  222.00    	 0.86647    
   223.000    	  2019.0    	  223.00    	 0.87597    
   224.000    	  2019.0    	  224.00    	 0.88613    
   225.000    	  2019.0    	  225.00    	 0.89625    
   226.000    	  2019.0    	  226.00    	 0.90524    
   227.000    	  2019.0    	  227.00    	 0.91383    
   228.000    	  2019.0    	  228.00    	 0.92327    
   229.000    	  2019.0    	  229.00    	 0.93197    
   230.000    	  2019.0    	  230.00    	 0.94197    
   231.000    	  2019.0    	  231.00    	 0.95131    
   232.000    	  2019.0    	  232.00    	 0.96137    
   233.000    	  2019.0    	  233.00    	 0.97072    
   234.000    	  2019.0    	  234.00    	 0.98040    
   235.000    	  2019.0    	  235.00    	 0.99013    
   236.000    	  2019.0    	  236.00    	  1.0002    
   237.000    	  2019.0    	  237.00    	  1.0397    
   238.000    	  2019.0    	  238.00    	  1.0788    
   239.000    	  2019.0    	  239.00    	  1.1174    
   240.000    	  2019.0    	  240.00    	  1.1564    
   241.000    	  2019.0    	  241.00    	  1.1975    
   242.000    	  2019.0    	  242.00    	  1.2375    
   243.000    	  2019.0    	  243.00    	  1.2772    
   244.000    	  2019.0    	  244.00    	  1.3189    
   245.000    	  2019.0    	  245.00    	  1.3582    
   246.000    	  2019.0    	  246.00    	  1.3978    
   247.000    	  2019.0    	  247.00    	  1.4377    
   248.000    	  2019.0    	  248.00    	  1.4791    
   249.000    	  2019.0    	  249.00    	  1.5204    
   250.000    	  2019.0    	  250.00    	  1.5594    
   251.000    	  2019.0    	  251.00    	  1.5993    
   252.000    	  2019.0    	  252.00    	  1.6395    
   253.000    	  2019.0    	  253.00    	  1.6799    
   254.000    	  2019.0    	  254.00    	  1.7204    
   255.000    	  2019.0    	  255.00    	  1.7592    
   256.000    	  2019.0    	  256.00    	  1.7991    
   257.000    	  2019.0    	  257.00    	  1.8386    
   258.000    	  2019.0    	  258.00    	  1.8794    
   259.000    	  2019.0    	  259.00    	  1.9190    
   260.000    	  2019.0    	  260.00    	  1.9589    
   261.000    	  2019.0    	  261.00    	  2.0002    
   262.000    	  2019.0    	  262.00    	  2.0402    
   263.000    	  2019.0    	  263.00    	  2.0806    
   264.000    	  2019.0    	  264.00    	  2.1194    




** Rerun Set    4
*     CALCULATED ORYZA1 MODEL PARAMETERS
*     Rice crop is direct-seeded
*============================================================================
*
* Crop data file standard.crp                                      
* Experiment data file EXP\VVME_FED67_EPOCAS19_EPOCA3.exp                
*
** WARNING: LAI and NFLV observations do not match in time
**          => FNLV and ANLV can not be calculated

*******************************************
* Observed biomass values                  
       DVS      WLVG      WLVD       WST       WSO
     0.327      170.        5.      156.        0.
     0.600     1433.        0.     1723.        0.
     0.711     2741.      177.     5416.        0.
     0.809     3739.       84.     5875.        0.
     0.862     2706.      157.     5345.       32.
     0.982     2303.      371.     6675.     1665.
     1.282     1293.     1968.     6875.     5236.

* Observed LAI values                      
       DVS       LAI
     0.327      0.20
     0.600      1.20
     0.711      1.90
     0.809      2.70
     0.862      2.00
     0.982      2.60
     1.282      1.90

*******************************************
 Calculated ORYZA1 model parameters        
*******************************************
* Temperature sum and leaf area development (TLSVC is corrected for transplanting shock)
* Only for LAI values below 1.5 and DVS below 1
      TSLV     TSLVC     LNLAI       LAI       DVS
      339.      339.    -1.609      0.20     0.327
      676.      676.     0.182      1.20     0.600

* LAI interval and calculated RGRL         
* Only for LAI values below 1.5 and DVS below 1
       LAI    LAIT+1      RGRL
      0.20      1.20     0.005

* Calculated partitioning factors          
      DVSM       FLV       FST       FSO
     0.464     0.445     0.555     0.000
     0.656     0.287     0.713     0.000
     0.760     0.663     0.337     0.000
     0.836     0.659     0.363    -0.022
     0.922    -0.068     0.479     0.589
     1.132     0.135     0.046     0.819

* Calculated relative death rate leaves    
* Only when leaf biomass declines          
      DVSM      DRLV
     0.836     0.040
     0.922     0.009
     1.132     0.082

* Calculated specific leaf area            
       DVS       SLA
     0.327    0.0012
     0.600    0.0008
     0.711    0.0007
     0.809    0.0007
     0.862    0.0007
     0.982    0.0011
     1.282    0.0015

* Calculated fraction stem reserves        
      FSTR    WSTMAX    DVSMAX    WSTEND    DVSEND
     0.000     6875.     1.282     6875.     1.282

*******************************************
 Calculated extra variables/parameters     
*******************************************
*----------------------------------------------------------------------------
* OUTPUT FROM RERUN SET:    4
* OUTPUT TABLE FORMAT  : SPREADSHEET OUTPUT
* Simulation results
 
TIME	YEAR	DOY	DVS
 
   116.000    	  2019.0    	  116.00    	       -    
   117.000    	  2019.0    	  117.00    	       -    
   118.000    	  2019.0    	  118.00    	       -    
   119.000    	  2019.0    	  119.00    	  0.0000    
   120.000    	  2019.0    	  120.00    	 1.79108E-02
   121.000    	  2019.0    	  121.00    	 3.48926E-02
   122.000    	  2019.0    	  122.00    	 5.17880E-02
   123.000    	  2019.0    	  123.00    	 6.96013E-02
   124.000    	  2019.0    	  124.00    	 8.81320E-02
   125.000    	  2019.0    	  125.00    	 0.10556    
   126.000    	  2019.0    	  126.00    	 0.12155    
   127.000    	  2019.0    	  127.00    	 0.13773    
   128.000    	  2019.0    	  128.00    	 0.15543    
   129.000    	  2019.0    	  129.00    	 0.17278    
   130.000    	  2019.0    	  130.00    	 0.18858    
   131.000    	  2019.0    	  131.00    	 0.20566    
   132.000    	  2019.0    	  132.00    	 0.22312    
   133.000    	  2019.0    	  133.00    	 0.24103    
   134.000    	  2019.0    	  134.00    	 0.25854    
   135.000    	  2019.0    	  135.00    	 0.27530    
   136.000    	  2019.0    	  136.00    	 0.29226    
   137.000    	  2019.0    	  137.00    	 0.30981    
   138.000    	  2019.0    	  138.00    	 0.32696    
   139.000    	  2019.0    	  139.00    	 0.34440    
   140.000    	  2019.0    	  140.00    	 0.36174    
   141.000    	  2019.0    	  141.00    	 0.37884    
   142.000    	  2019.0    	  142.00    	 0.39541    
   143.000    	  2019.0    	  143.00    	 0.41273    
   144.000    	  2019.0    	  144.00    	 0.42538    
   145.000    	  2019.0    	  145.00    	 0.43880    
   146.000    	  2019.0    	  146.00    	 0.45288    
   147.000    	  2019.0    	  147.00    	 0.46642    
   148.000    	  2019.0    	  148.00    	 0.47899    
   149.000    	  2019.0    	  149.00    	 0.49253    
   150.000    	  2019.0    	  150.00    	 0.50639    
   151.000    	  2019.0    	  151.00    	 0.52012    
   152.000    	  2019.0    	  152.00    	 0.53383    
   153.000    	  2019.0    	  153.00    	 0.54694    
   154.000    	  2019.0    	  154.00    	 0.56037    
   155.000    	  2019.0    	  155.00    	 0.57370    
   156.000    	  2019.0    	  156.00    	 0.58726    
   157.000    	  2019.0    	  157.00    	 0.60029    
   158.000    	  2019.0    	  158.00    	 0.61233    
   159.000    	  2019.0    	  159.00    	 0.62534    
   160.000    	  2019.0    	  160.00    	 0.63903    
   161.000    	  2019.0    	  161.00    	 0.65273    
   162.000    	  2019.0    	  162.00    	 0.65870    
   163.000    	  2019.0    	  163.00    	 0.66538    
   164.000    	  2019.0    	  164.00    	 0.67169    
   165.000    	  2019.0    	  165.00    	 0.67826    
   166.000    	  2019.0    	  166.00    	 0.68499    
   167.000    	  2019.0    	  167.00    	 0.69162    
   168.000    	  2019.0    	  168.00    	 0.69845    
   169.000    	  2019.0    	  169.00    	 0.70465    
   170.000    	  2019.0    	  170.00    	 0.71122    
   171.000    	  2019.0    	  171.00    	 0.71817    
   172.000    	  2019.0    	  172.00    	 0.72508    
   173.000    	  2019.0    	  173.00    	 0.73177    
   174.000    	  2019.0    	  174.00    	 0.73798    
   175.000    	  2019.0    	  175.00    	 0.74433    
   176.000    	  2019.0    	  176.00    	 0.75021    
   177.000    	  2019.0    	  177.00    	 0.75633    
   178.000    	  2019.0    	  178.00    	 0.76329    
   179.000    	  2019.0    	  179.00    	 0.76999    
   180.000    	  2019.0    	  180.00    	 0.77709    
   181.000    	  2019.0    	  181.00    	 0.78391    
   182.000    	  2019.0    	  182.00    	 0.79047    
   183.000    	  2019.0    	  183.00    	 0.79696    
   184.000    	  2019.0    	  184.00    	 0.80262    
   185.000    	  2019.0    	  185.00    	 0.80934    
   186.000    	  2019.0    	  186.00    	 0.81615    
   187.000    	  2019.0    	  187.00    	 0.82291    
   188.000    	  2019.0    	  188.00    	 0.82939    
   189.000    	  2019.0    	  189.00    	 0.83606    
   190.000    	  2019.0    	  190.00    	 0.84250    
   191.000    	  2019.0    	  191.00    	 0.84882    
   192.000    	  2019.0    	  192.00    	 0.85520    
   193.000    	  2019.0    	  193.00    	 0.86189    
   194.000    	  2019.0    	  194.00    	 0.86851    
   195.000    	  2019.0    	  195.00    	 0.87508    
   196.000    	  2019.0    	  196.00    	 0.88178    
   197.000    	  2019.0    	  197.00    	 0.88853    
   198.000    	  2019.0    	  198.00    	 0.89468    
   199.000    	  2019.0    	  199.00    	 0.90122    
   200.000    	  2019.0    	  200.00    	 0.90813    
   201.000    	  2019.0    	  201.00    	 0.91493    
   202.000    	  2019.0    	  202.00    	 0.92172    
   203.000    	  2019.0    	  203.00    	 0.92848    
   204.000    	  2019.0    	  204.00    	 0.93536    
   205.000    	  2019.0    	  205.00    	 0.94144    
   206.000    	  2019.0    	  206.00    	 0.94808    
   207.000    	  2019.0    	  207.00    	 0.95507    
   208.000    	  2019.0    	  208.00    	 0.96174    
   209.000    	  2019.0    	  209.00    	 0.96823    
   210.000    	  2019.0    	  210.00    	 0.97510    
   211.000    	  2019.0    	  211.00    	 0.98187    
   212.000    	  2019.0    	  212.00    	 0.98877    
   213.000    	  2019.0    	  213.00    	 0.99576    
   214.000    	  2019.0    	  214.00    	  1.0027    
   215.000    	  2019.0    	  215.00    	  1.0785    
   216.000    	  2019.0    	  216.00    	  1.1510    
   217.000    	  2019.0    	  217.00    	  1.2184    
   218.000    	  2019.0    	  218.00    	  1.2825    
   219.000    	  2019.0    	  219.00    	  1.3512    
   220.000    	  2019.0    	  220.00    	  1.4266    
   221.000    	  2019.0    	  221.00    	  1.5024    
   222.000    	  2019.0    	  222.00    	  1.5765    
   223.000    	  2019.0    	  223.00    	  1.6477    
   224.000    	  2019.0    	  224.00    	  1.7240    
   225.000    	  2019.0    	  225.00    	  1.8000    
   226.000    	  2019.0    	  226.00    	  1.8674    
   227.000    	  2019.0    	  227.00    	  1.9319    
   228.000    	  2019.0    	  228.00    	  2.0027    
   229.000    	  2019.0    	  229.00    	  2.0680    
   230.000    	  2019.0    	  230.00    	  2.1430    




 WARNING from FSE:
 There have been errors and/or warnings from
 the weather system, check file WEATHER.LOG
